2020-08-30 13:48:54.890  INFO 77109 --- [main] anonapp.AnonApplication                  : Starting AnonApplication on privalov.local with PID 77109 (/Users/macbook/Desktop/anonapp-backend/target/classes started by macbook in /Users/macbook/Desktop/anonapp-backend)
2020-08-30 13:48:54.899  INFO 77109 --- [main] anonapp.AnonApplication                  : No active profile set, falling back to default profiles: default
2020-08-30 13:48:57.355  INFO 77109 --- [main] .s.d.r.c.RepositoryConfigurationDelegate : Bootstrapping Spring Data JPA repositories in DEFAULT mode.
2020-08-30 13:48:57.485  INFO 77109 --- [main] .s.d.r.c.RepositoryConfigurationDelegate : Finished Spring Data repository scanning in 114ms. Found 1 JPA repository interfaces.
2020-08-30 13:48:59.295  INFO 77109 --- [main] o.s.b.w.embedded.tomcat.TomcatWebServer  : Tomcat initialized with port(s): 8080 (http)
2020-08-30 13:48:59.309  INFO 77109 --- [main] o.apache.catalina.core.StandardService   : Starting service [Tomcat]
2020-08-30 13:48:59.309  INFO 77109 --- [main] org.apache.catalina.core.StandardEngine  : Starting Servlet engine: [Apache Tomcat/9.0.33]
2020-08-30 13:48:59.415  INFO 77109 --- [main] o.a.c.c.C.[Tomcat].[localhost].[/]       : Initializing Spring embedded WebApplicationContext
2020-08-30 13:48:59.416  INFO 77109 --- [main] o.s.web.context.ContextLoader            : Root WebApplicationContext: initialization completed in 4391 ms
2020-08-30 13:48:59.529  WARN 77109 --- [main] JpaBaseConfiguration$JpaWebConfiguration : spring.jpa.open-in-view is enabled by default. Therefore, database queries may be performed during view rendering. Explicitly configure spring.jpa.open-in-view to disable this warning
2020-08-30 13:48:59.868  INFO 77109 --- [main] o.hibernate.jpa.internal.util.LogHelper  : HHH000204: Processing PersistenceUnitInfo [name: default]
2020-08-30 13:49:00.030  INFO 77109 --- [main] org.hibernate.Version                    : HHH000412: Hibernate ORM core version 5.4.12.Final
2020-08-30 13:49:00.373  INFO 77109 --- [main] o.hibernate.annotations.common.Version   : HCANN000001: Hibernate Commons Annotations {5.1.0.Final}
2020-08-30 13:49:00.556  INFO 77109 --- [main] com.zaxxer.hikari.HikariDataSource       : HikariPool-1 - Starting...
2020-08-30 13:49:00.733  INFO 77109 --- [main] com.zaxxer.hikari.HikariDataSource       : HikariPool-1 - Start completed.
2020-08-30 13:49:00.755  INFO 77109 --- [main] org.hibernate.dialect.Dialect            : HHH000400: Using dialect: org.hibernate.dialect.PostgreSQL95Dialect
2020-08-30 13:49:02.402  WARN 77109 --- [main] o.h.engine.jdbc.spi.SqlExceptionHelper   : SQL Warning Code: 0, SQLState: 00000
2020-08-30 13:49:02.403  WARN 77109 --- [main] o.h.engine.jdbc.spi.SqlExceptionHelper   : table "user_entity" does not exist, skipping
2020-08-30 13:49:02.404  WARN 77109 --- [main] o.h.engine.jdbc.spi.SqlExceptionHelper   : SQL Warning Code: 0, SQLState: 00000
2020-08-30 13:49:02.404  WARN 77109 --- [main] o.h.engine.jdbc.spi.SqlExceptionHelper   : sequence "hibernate_sequence" does not exist, skipping
2020-08-30 13:49:02.515  INFO 77109 --- [main] o.h.e.t.j.p.i.JtaPlatformInitiator       : HHH000490: Using JtaPlatform implementation: [org.hibernate.engine.transaction.jta.platform.internal.NoJtaPlatform]
2020-08-30 13:49:02.545  INFO 77109 --- [main] j.LocalContainerEntityManagerFactoryBean : Initialized JPA EntityManagerFactory for persistence unit 'default'
2020-08-30 13:49:03.958 DEBUG 77109 --- [main] s.s.w.a.r.RememberMeAuthenticationFilter : Filter 'rememberMeAuthenticationFilter' configured for use
2020-08-30 13:49:04.375  INFO 77109 --- [main] o.s.s.c.ThreadPoolTaskScheduler          : Initializing ExecutorService 'taskScheduler'
2020-08-30 13:49:04.631 DEBUG 77109 --- [main] edFilterInvocationSecurityMetadataSource : Adding web access control expression 'authenticated', for any request
2020-08-30 13:49:04.643 DEBUG 77109 --- [main] o.s.s.w.a.i.FilterSecurityInterceptor    : Validated configuration attributes
2020-08-30 13:49:04.644 DEBUG 77109 --- [main] o.s.s.w.a.i.FilterSecurityInterceptor    : Validated configuration attributes
2020-08-30 13:49:04.650  INFO 77109 --- [main] o.s.s.web.DefaultSecurityFilterChain     : Creating filter chain: Ant [pattern='/api/**'], [org.springframework.security.web.context.request.async.WebAsyncManagerIntegrationFilter@250a946, org.springframework.security.web.context.SecurityContextPersistenceFilter@1d8be7b9, org.springframework.security.web.header.HeaderWriterFilter@56b05bd7, org.springframework.security.web.authentication.logout.LogoutFilter@277bc3a5, org.springframework.security.web.authentication.rememberme.RememberMeAuthenticationFilter@b55f5b7, org.springframework.security.web.savedrequest.RequestCacheAwareFilter@3d53e876, org.springframework.security.web.servletapi.SecurityContextHolderAwareRequestFilter@6c70b7c3, org.springframework.security.web.authentication.AnonymousAuthenticationFilter@5fe5c68b, org.springframework.security.web.session.SessionManagementFilter@22aefae0, org.springframework.security.web.access.ExceptionTranslationFilter@1224e1b6, org.springframework.security.web.access.intercept.FilterSecurityInterceptor@2d4e99de]
2020-08-30 13:49:04.660 DEBUG 77109 --- [main] edFilterInvocationSecurityMetadataSource : Adding web access control expression 'permitAll', for ExactUrl [processUrl='/authenticate']
2020-08-30 13:49:04.660 DEBUG 77109 --- [main] edFilterInvocationSecurityMetadataSource : Adding web access control expression 'permitAll', for ExactUrl [processUrl='/authenticate']
2020-08-30 13:49:04.661 DEBUG 77109 --- [main] edFilterInvocationSecurityMetadataSource : Adding web access control expression 'permitAll', for Ant [pattern='/socket']
2020-08-30 13:49:04.661 DEBUG 77109 --- [main] edFilterInvocationSecurityMetadataSource : Adding web access control expression 'permitAll', for Ant [pattern='/socket/**']
2020-08-30 13:49:04.661 DEBUG 77109 --- [main] edFilterInvocationSecurityMetadataSource : Adding web access control expression 'permitAll', for Ant [pattern='/resources/**']
2020-08-30 13:49:04.661 DEBUG 77109 --- [main] edFilterInvocationSecurityMetadataSource : Adding web access control expression 'permitAll', for Ant [pattern='/register']
2020-08-30 13:49:04.661 DEBUG 77109 --- [main] edFilterInvocationSecurityMetadataSource : Adding web access control expression 'permitAll', for Ant [pattern='/reduction']
2020-08-30 13:49:04.661 DEBUG 77109 --- [main] edFilterInvocationSecurityMetadataSource : Adding web access control expression 'authenticated', for any request
2020-08-30 13:49:04.661 DEBUG 77109 --- [main] o.s.s.w.a.i.FilterSecurityInterceptor    : Validated configuration attributes
2020-08-30 13:49:04.662 DEBUG 77109 --- [main] o.s.s.w.a.i.FilterSecurityInterceptor    : Validated configuration attributes
2020-08-30 13:49:04.677  INFO 77109 --- [main] o.s.s.web.DefaultSecurityFilterChain     : Creating filter chain: any request, [org.springframework.security.web.context.request.async.WebAsyncManagerIntegrationFilter@2ec5cc14, org.springframework.security.web.context.SecurityContextPersistenceFilter@7fe87c0e, org.springframework.security.web.header.HeaderWriterFilter@38929da, org.springframework.security.web.authentication.logout.LogoutFilter@24fc2c80, anonapp.security.WebSecurityConfig$JSONAuthenticationFilter@671da0f9, org.springframework.security.web.savedrequest.RequestCacheAwareFilter@8f4b803, org.springframework.security.web.servletapi.SecurityContextHolderAwareRequestFilter@42f9873e, org.springframework.security.web.authentication.rememberme.RememberMeAuthenticationFilter@44aeae34, org.springframework.security.web.authentication.AnonymousAuthenticationFilter@40a8a26f, org.springframework.security.web.session.SessionManagementFilter@69d667a5, org.springframework.security.web.access.ExceptionTranslationFilter@1e6d30c0, org.springframework.security.web.access.intercept.FilterSecurityInterceptor@4404a6b]
2020-08-30 13:49:05.110  INFO 77109 --- [main] o.s.s.concurrent.ThreadPoolTaskExecutor  : Initializing ExecutorService 'applicationTaskExecutor'
2020-08-30 13:49:05.650  INFO 77109 --- [main] o.s.b.w.embedded.tomcat.TomcatWebServer  : Tomcat started on port(s): 8080 (http) with context path ''
2020-08-30 13:49:05.653  INFO 77109 --- [main] anonapp.AnonApplication                  : Started AnonApplication in 12.642 seconds (JVM running for 15.255)
2020-08-30 13:49:15.618  INFO 77109 --- [scheduled-task-1] anonapp.config.ScheduledTask             : Search...
2020-08-30 13:49:15.626  INFO 77109 --- [scheduled-task-1] a.d.s.impl.ChatWebSocketConnectService   : Now active users in search: 0
2020-08-30 13:49:20.631  INFO 77109 --- [scheduled-task-1] anonapp.config.ScheduledTask             : Search...
2020-08-30 13:49:20.632  INFO 77109 --- [scheduled-task-1] a.d.s.impl.ChatWebSocketConnectService   : Now active users in search: 0
2020-08-30 13:49:25.641  INFO 77109 --- [scheduled-task-1] anonapp.config.ScheduledTask             : Search...
2020-08-30 13:49:25.651  INFO 77109 --- [scheduled-task-1] a.d.s.impl.ChatWebSocketConnectService   : Now active users in search: 0
2020-08-30 13:49:30.658  INFO 77109 --- [scheduled-task-1] anonapp.config.ScheduledTask             : Search...
2020-08-30 13:49:30.659  INFO 77109 --- [scheduled-task-1] a.d.s.impl.ChatWebSocketConnectService   : Now active users in search: 0
2020-08-30 13:49:35.661  INFO 77109 --- [scheduled-task-1] anonapp.config.ScheduledTask             : Search...
2020-08-30 13:49:35.663  INFO 77109 --- [scheduled-task-1] a.d.s.impl.ChatWebSocketConnectService   : Now active users in search: 0
2020-08-30 13:49:40.668  INFO 77109 --- [scheduled-task-1] anonapp.config.ScheduledTask             : Search...
2020-08-30 13:49:40.669  INFO 77109 --- [scheduled-task-1] a.d.s.impl.ChatWebSocketConnectService   : Now active users in search: 0
2020-08-30 13:49:45.674  INFO 77109 --- [scheduled-task-1] anonapp.config.ScheduledTask             : Search...
2020-08-30 13:49:45.676  INFO 77109 --- [scheduled-task-1] a.d.s.impl.ChatWebSocketConnectService   : Now active users in search: 0
2020-08-30 13:49:49.967  INFO 77109 --- [SpringContextShutdownHook] o.s.s.concurrent.ThreadPoolTaskExecutor  : Shutting down ExecutorService 'applicationTaskExecutor'
2020-08-30 13:49:49.972  INFO 77109 --- [SpringContextShutdownHook] o.s.s.c.ThreadPoolTaskScheduler          : Shutting down ExecutorService 'taskScheduler'
2020-08-30 13:49:49.975  INFO 77109 --- [SpringContextShutdownHook] j.LocalContainerEntityManagerFactoryBean : Closing JPA EntityManagerFactory for persistence unit 'default'
2020-08-30 13:49:49.975  INFO 77109 --- [SpringContextShutdownHook] .SchemaDropperImpl$DelayedDropActionImpl : HHH000477: Starting delayed evictData of schema as part of SessionFactory shut-down'
2020-08-30 13:49:49.989  INFO 77109 --- [SpringContextShutdownHook] com.zaxxer.hikari.HikariDataSource       : HikariPool-1 - Shutdown initiated...
2020-08-30 13:49:49.992  INFO 77109 --- [SpringContextShutdownHook] com.zaxxer.hikari.HikariDataSource       : HikariPool-1 - Shutdown completed.
